WARNING:root:This is a Warning!
ERROR:root:This is an Error!
WARNING:root:This is a Warning!
ERROR:root:This is an Error!
INFO:root:This is Info
WARNING:root:This is a Warning!
ERROR:root:This is an Error!
DEBUG:root:This is a Debug message
INFO:root:This is Info
WARNING:root:This is a Warning!
ERROR:root:This is an Error!
INFO:root:--- This is Info ---
DEBUG:root:This is a Debug message
WARNING:root:This is a Warning!
ERROR:root:This is an Error!
INFO:root:---- Start logging ----
DEBUG:root:This is a Debug message
INFO:root:This is Info
WARNING:root:This is a Warning!
ERROR:root:This is an Error!
INFO:root:---- Start logging ----
DEBUG:root:This is a Debug message
INFO:root:This is Info
WARNING:root:This is a Warning!
ERROR:root:This is an Error!
INFO:root:This log is created by Kevin
---- Start logging ----
This is a Debug message
This is Info
This is a Warning!
This is an Error!
This log is created by Kevin
[INFO] 2023-03-13 08:16:28,739: ---- Start logging ----
[DEBUG] 2023-03-13 08:16:28,740: This is a Debug message
[INFO] 2023-03-13 08:16:28,740: This is Info
[WARNING] 2023-03-13 08:16:28,740: This is a Warning!
[ERROR] 2023-03-13 08:16:28,740: This is an Error!
[INFO] 2023-03-13 08:16:28,740: This log is created by Kevin
[INFO] 2023/03/13 %ii:03m:1678695593s: ---- Start logging ----
[DEBUG] 2023/03/13 %ii:03m:1678695593s: This is a Debug message
[INFO] 2023/03/13 %ii:03m:1678695593s: This is Info
[WARNING] 2023/03/13 %ii:03m:1678695593s: This is a Warning!
[ERROR] 2023/03/13 %ii:03m:1678695593s: This is an Error!
[INFO] 2023/03/13 %ii:03m:1678695593s: This log is created by Kevin
[INFO] 2023/03/13 08:20:16: ---- Start logging ----
[DEBUG] 2023/03/13 08:20:16: This is a Debug message
[INFO] 2023/03/13 08:20:16: This is Info
[WARNING] 2023/03/13 08:20:16: This is a Warning!
[ERROR] 2023/03/13 08:20:16: This is an Error!
[INFO] 2023/03/13 08:20:16: This log is created by Kevin
[INFO] 2023/03/13 08:23:12: ---- Start logging ----
[DEBUG] 2023/03/13 08:23:12: This is a Debug message
[INFO] 2023/03/13 08:23:12: This is Info
[WARNING] 2023/03/13 08:23:12: This is a Warning!
[ERROR] 2023/03/13 08:23:12: This is an Error!
[INFO] 2023/03/13 08:23:12: This log is created by Kevin
[INFO] 2023/03/15 01:21:35: ---- Start logging ----
[DEBUG] 2023/03/15 01:21:35: This is a Debug message
[INFO] 2023/03/15 01:21:35: This is Info
[WARNING] 2023/03/15 01:21:35: This is a Warning!
[ERROR] 2023/03/15 01:21:35: This is an Error!
[INFO] 2023/03/15 01:21:35: This log is created by Kevin
[INFO] 2023/03/15 01:32:36: ---- Start logging ----
[DEBUG] 2023/03/15 01:32:36: This is a Debug message
[INFO] 2023/03/15 01:32:36: This is Info
[WARNING] 2023/03/15 01:32:36: This is a Warning!
[ERROR] 2023/03/15 01:32:36: This is an Error!
[INFO] 2023/03/15 01:32:36: This log is created by Kevin
[INFO] by AppLogger at 2023/03/15 01:41:51: ---- Start logging ----
[DEBUG] by AppLogger at 2023/03/15 01:41:51: This is a Debug message
[INFO] by AppLogger at 2023/03/15 01:41:51: This is Info
[WARNING] by AppLogger at 2023/03/15 01:41:51: This is a Warning!
[ERROR] by AppLogger at 2023/03/15 01:41:51: This is an Error!
[INFO] by AppLogger at 2023/03/15 01:41:51: This log is created by Kevin
[INFO] by AppLogger at 2023/03/15 01:43:11: ---- Start logging ----
[DEBUG] by AppLogger at 2023/03/15 01:43:11: This is a Debug message
[INFO] by AppLogger at 2023/03/15 01:43:11: This is Info
[WARNING] by AppLogger at 2023/03/15 01:43:11: This is a Warning!
[ERROR] by AppLogger at 2023/03/15 01:43:11: This is an Error!
[INFO] by AppLogger at 2023/03/15 01:43:11: This log is created by Kevin
[INFO] by AppLogger at 2023/03/15 01:43:32: ---- Start logging ----
[DEBUG] by AppLogger at 2023/03/15 01:43:32: This is a Debug message
[INFO] by AppLogger at 2023/03/15 01:43:32: This is Info
[WARNING] by AppLogger at 2023/03/15 01:43:32: This is a Warning!
[ERROR] by AppLogger at 2023/03/15 01:43:32: This is an Error!
[INFO] by AppLogger at 2023/03/15 01:43:32: This log is created by Kevin
[INFO] by AppLogger at 2023/03/15 01:44:45: ---- Start logging ----
[DEBUG] by AppLogger at 2023/03/15 01:44:45: This is a Debug message
[INFO] by AppLogger at 2023/03/15 01:44:45: This is Info
[WARNING] by AppLogger at 2023/03/15 01:44:45: This is a Warning!
[ERROR] by AppLogger at 2023/03/15 01:44:45: This is an Error!
[INFO] by AppLogger at 2023/03/15 01:44:45: This log is created by Kevin
[INFO] by AppLogger at 2023/03/15 01:52:53: ---- Start logging ----
[DEBUG] by AppLogger at 2023/03/15 01:52:53: This is a Debug message
[INFO] by AppLogger at 2023/03/15 01:52:53: This is Info
[WARNING] by AppLogger at 2023/03/15 01:52:53: This is a Warning!
[ERROR] by AppLogger at 2023/03/15 01:52:53: This is an Error!
[INFO] by AppLogger at 2023/03/15 01:52:53: This log is created by Kevin
[ERROR] by AppLogger at 2023/03/15 01:53:14: This is an Error!
[ERROR] by AppLogger at 2023/03/15 01:55:24: This is an Error!
[INFO] by AppLogger at 2023/03/15 01:55:45: ---- Start logging ----
[DEBUG] by AppLogger at 2023/03/15 01:55:45: This is a Debug message
[INFO] by AppLogger at 2023/03/15 01:55:45: This is Info
[WARNING] by AppLogger at 2023/03/15 01:55:45: This is a Warning!
[ERROR] by AppLogger at 2023/03/15 01:55:45: This is an Error!
[INFO] by AppLogger at 2023/03/15 01:55:45: This log is created by Kevin
[ERROR] by AppLogger at 2023/03/15 01:56:11: This is an Error!
[ERROR] by AppLogger at 2023/03/15 01:56:30: This is an Error!
[INFO] by AppLogger at 2023/03/15 01:58:52: ---- Start logging ----
[DEBUG] by AppLogger at 2023/03/15 01:58:52: This is a Debug message
[INFO] by AppLogger at 2023/03/15 01:58:52: This is Info
[WARNING] by AppLogger at 2023/03/15 01:58:52: This is a Warning!
[ERROR] by AppLogger at 2023/03/15 01:58:52: This is an Error!
[INFO] by AppLogger at 2023/03/15 01:58:52: This log is created by Kevin
[INFO] by AppLogger at 2023/03/15 02:04:09: ---- Start logging ----
[INFO] by AppLogger at 2023/03/15 02:04:09: ---- Start logging ----
[DEBUG] by AppLogger at 2023/03/15 02:04:09: This is a Debug message
[DEBUG] by AppLogger at 2023/03/15 02:04:09: This is a Debug message
[INFO] by AppLogger at 2023/03/15 02:04:09: This is Info
[INFO] by AppLogger at 2023/03/15 02:04:09: This is Info
[WARNING] by AppLogger at 2023/03/15 02:04:09: This is a Warning!
[WARNING] by AppLogger at 2023/03/15 02:04:09: This is a Warning!
[ERROR] by AppLogger at 2023/03/15 02:04:09: This is an Error!
[ERROR] by AppLogger at 2023/03/15 02:04:09: This is an Error!
[INFO] by AppLogger at 2023/03/15 02:04:09: This log is created by Kevin
[INFO] by AppLogger at 2023/03/15 02:04:09: This log is created by Kevin
[INFO] by AppLogger at 2023/03/15 02:06:44: ---- Start logging ----
[DEBUG] by AppLogger at 2023/03/15 02:06:44: This is a Debug message
[INFO] by AppLogger at 2023/03/15 02:06:44: This is Info
[WARNING] by AppLogger at 2023/03/15 02:06:44: This is a Warning!
[ERROR] by AppLogger at 2023/03/15 02:06:44: This is an Error!
[INFO] by AppLogger at 2023/03/15 02:06:44: This log is created by Kevin
[INFO] by AppLogger at 2023/03/15 02:06:52: ---- Start logging ----
[DEBUG] by AppLogger at 2023/03/15 02:06:52: This is a Debug message
[INFO] by AppLogger at 2023/03/15 02:06:52: This is Info
[WARNING] by AppLogger at 2023/03/15 02:06:52: This is a Warning!
[ERROR] by AppLogger at 2023/03/15 02:06:52: This is an Error!
[INFO] by AppLogger at 2023/03/15 02:06:52: This log is created by Kevin
[INFO] by AppLogger at 2023/03/15 02:07:16: ---- Start logging ----
[DEBUG] by AppLogger at 2023/03/15 02:07:16: This is a Debug message
[INFO] by AppLogger at 2023/03/15 02:07:16: This is Info
[WARNING] by AppLogger at 2023/03/15 02:07:16: This is a Warning!
[ERROR] by AppLogger at 2023/03/15 02:07:16: This is an Error!
[INFO] by AppLogger at 2023/03/15 02:07:16: This log is created by Kevin
[INFO] by AppLogger at 2023/03/15 02:07:33: ---- Start logging ----
[DEBUG] by AppLogger at 2023/03/15 02:07:33: This is a Debug message
[INFO] by AppLogger at 2023/03/15 02:07:33: This is Info
[WARNING] by AppLogger at 2023/03/15 02:07:33: This is a Warning!
[ERROR] by AppLogger at 2023/03/15 02:07:33: This is an Error!
[INFO] by AppLogger at 2023/03/15 02:07:33: This log is created by Kevin
[INFO] by AppLogger at 2023/03/15 02:07:59: ---- Start logging ----
[DEBUG] by AppLogger at 2023/03/15 02:07:59: This is a Debug message
[INFO] by AppLogger at 2023/03/15 02:07:59: This is Info
[WARNING] by AppLogger at 2023/03/15 02:07:59: This is a Warning!
[ERROR] by AppLogger at 2023/03/15 02:07:59: This is an Error!
[INFO] by AppLogger at 2023/03/15 02:07:59: This log is created by Kevin
[INFO] by AppLogger at 2023/03/15 02:09:43: ---- Start logging ----
[DEBUG] by AppLogger at 2023/03/15 02:09:43: This is a Debug message
[INFO] by AppLogger at 2023/03/15 02:09:43: This is Info
[WARNING] by AppLogger at 2023/03/15 02:09:43: This is a Warning!
[ERROR] by AppLogger at 2023/03/15 02:09:43: This is an Error!
[INFO] by AppLogger at 2023/03/15 02:09:43: This log is created by Kevin
[INFO] by AppLogger at 2023/03/15 02:13:02: ---- Start logging ----
[INFO] by AppLogger at 2023/03/15 02:13:02: ---- Start logging ----
[DEBUG] by AppLogger at 2023/03/15 02:13:02: This is a Debug message
[DEBUG] by AppLogger at 2023/03/15 02:13:02: This is a Debug message
[INFO] by AppLogger at 2023/03/15 02:13:02: This is Info
[INFO] by AppLogger at 2023/03/15 02:13:02: This is Info
[WARNING] by AppLogger at 2023/03/15 02:13:02: This is a Warning!
[WARNING] by AppLogger at 2023/03/15 02:13:02: This is a Warning!
[ERROR] by AppLogger at 2023/03/15 02:13:02: This is an Error!
[ERROR] by AppLogger at 2023/03/15 02:13:02: This is an Error!
[INFO] by AppLogger at 2023/03/15 02:13:02: This log is created by Kevin
[INFO] by AppLogger at 2023/03/15 02:13:02: This log is created by Kevin
[INFO] by AppLogger at 2023/03/15 02:14:37: ---- Start logging ----
[INFO] by AppLogger at 2023/03/15 02:14:37: ---- Start logging ----
[DEBUG] by AppLogger at 2023/03/15 02:14:37: This is a Debug message
[DEBUG] by AppLogger at 2023/03/15 02:14:37: This is a Debug message
[INFO] by AppLogger at 2023/03/15 02:14:37: This is Info
[INFO] by AppLogger at 2023/03/15 02:14:37: This is Info
[WARNING] by AppLogger at 2023/03/15 02:14:37: This is a Warning!
[WARNING] by AppLogger at 2023/03/15 02:14:37: This is a Warning!
[ERROR] by AppLogger at 2023/03/15 02:14:37: This is an Error!
[ERROR] by AppLogger at 2023/03/15 02:14:37: This is an Error!
[INFO] by AppLogger at 2023/03/15 02:14:37: This log is created by Kevin
[INFO] by AppLogger at 2023/03/15 02:14:37: This log is created by Kevin
[INFO] by AppLogger at 2023/03/15 02:17:10: ---- Start logging ----
[DEBUG] by AppLogger at 2023/03/15 02:17:10: This is a Debug message
[INFO] by AppLogger at 2023/03/15 02:17:10: This is Info
[WARNING] by AppLogger at 2023/03/15 02:17:10: This is a Warning!
[ERROR] by AppLogger at 2023/03/15 02:17:10: This is an Error!
[INFO] by AppLogger at 2023/03/15 02:17:10: This log is created by Kevin
[INFO] by AppLogger at 2023/03/15 02:17:50: ---- Start logging ----
[DEBUG] by AppLogger at 2023/03/15 02:17:50: This is a Debug message
[INFO] by AppLogger at 2023/03/15 02:17:50: This is Info
[WARNING] by AppLogger at 2023/03/15 02:17:50: This is a Warning!
[ERROR] by AppLogger at 2023/03/15 02:17:50: This is an Error!
[INFO] by AppLogger at 2023/03/15 02:17:50: This log is created by Kevin
[INFO] by AppLogger at 2023/03/15 02:18:35: ---- Start logging ----
[DEBUG] by AppLogger at 2023/03/15 02:18:35: This is a Debug message
[INFO] by AppLogger at 2023/03/15 02:18:35: This is Info
[WARNING] by AppLogger at 2023/03/15 02:18:35: This is a Warning!
[ERROR] by AppLogger at 2023/03/15 02:18:35: This is an Error!
[INFO] by AppLogger at 2023/03/15 02:18:35: This log is created by Kevin
[INFO] by AppLogger at 2023/03/15 02:21:20: ---- Start logging ----
[DEBUG] by AppLogger at 2023/03/15 02:21:20: This is a Debug message
[INFO] by AppLogger at 2023/03/15 02:21:20: This is Info
[WARNING] by AppLogger at 2023/03/15 02:21:20: This is a Warning!
[ERROR] by AppLogger at 2023/03/15 02:21:20: This is an Error!
[INFO] by AppLogger at 2023/03/15 02:21:20: This log is created by Kevin
[INFO] by AppLogger at 2023/03/15 02:21:28: ---- Start logging ----
[DEBUG] by AppLogger at 2023/03/15 02:21:28: This is a Debug message
[INFO] by AppLogger at 2023/03/15 02:21:28: This is Info
[WARNING] by AppLogger at 2023/03/15 02:21:28: This is a Warning!
[ERROR] by AppLogger at 2023/03/15 02:21:28: This is an Error!
[INFO] by AppLogger at 2023/03/15 02:21:28: This log is created by Kevin
[INFO] by AppLogger at 2023/03/18 21:26:14: ---- Start logging ----
[DEBUG] by AppLogger at 2023/03/18 21:26:14: This is a Debug message
[INFO] by AppLogger at 2023/03/18 21:26:14: This is Info
[WARNING] by AppLogger at 2023/03/18 21:26:14: This is a Warning!
[ERROR] by AppLogger at 2023/03/18 21:26:14: This is an Error!
[INFO] by AppLogger at 2023/03/18 21:26:14: This log is created by Kevin
[INFO] by AppLogger at 2023/03/18 21:27:28: ---- Start logging ----
[DEBUG] by AppLogger at 2023/03/18 21:27:28: This is a Debug message
[INFO] by AppLogger at 2023/03/18 21:27:28: This is Info
[WARNING] by AppLogger at 2023/03/18 21:27:28: This is a Warning!
[ERROR] by AppLogger at 2023/03/18 21:27:28: This is an Error!
[INFO] by AppLogger at 2023/03/18 21:27:28: This log is created by Kevin
[ERROR] by custom at 2023/03/20 00:29:34: This message should go to file
[INFO] by trashbot at 2023/03/20 00:29:34: This message should go to both file and console
[DEBUG] by trashbot at 2023/03/20 00:29:34: This message should go to both file and console
[ERROR] by custom at 2023/03/20 00:30:48: This message should go to file
[INFO] by trashbot at 2023/03/20 00:30:48: This message should go to both file and console
[DEBUG] by trashbot at 2023/03/20 00:30:48: This message should go to both file and console
[ERROR] by custom at 2023/03/20 00:31:29: This message should go to file
[INFO] by trashbot at 2023/03/20 00:31:29: This message should go to both file and console
[DEBUG] by trashbot at 2023/03/20 00:31:29: This message should go to both file and console
[ERROR] by custom at 2023/03/20 00:34:55: This message should go to file
[INFO] by trashbot at 2023/03/20 00:34:55: This message should go to both file and console
[DEBUG] by trashbot at 2023/03/20 00:34:55: This message should go to both file and console
[INFO] by custom at 2023/03/20 00:34:55: Host: 127.0.0.1:5000
Connection: keep-alive
Sec-Ch-Ua: "Google Chrome";v="111", "Not(A:Brand";v="8", "Chromium";v="111"
Sec-Ch-Ua-Mobile: ?0
Sec-Ch-Ua-Platform: "macOS"
Upgrade-Insecure-Requests: 1
User-Agent: Mozilla/5.0 (Macintosh; Intel Mac OS X 10_15_7) AppleWebKit/537.36 (KHTML, like Gecko) Chrome/111.0.0.0 Safari/537.36
Accept: text/html,application/xhtml+xml,application/xml;q=0.9,image/avif,image/webp,image/apng,*/*;q=0.8,application/signed-exchange;v=b3;q=0.7
Sec-Fetch-Site: none
Sec-Fetch-Mode: navigate
Sec-Fetch-User: ?1
Sec-Fetch-Dest: document
Accept-Encoding: gzip, deflate, br
Accept-Language: en,ja;q=0.9,ru;q=0.8


[ERROR] by custom at 2023/03/20 00:35:35: This message should go to file
[INFO] by trashbot at 2023/03/20 00:35:35: This message should go to both file and console
[DEBUG] by trashbot at 2023/03/20 00:35:35: This message should go to both file and console
[INFO] by custom at 2023/03/20 00:35:35: Host: 127.0.0.1:5000
Connection: keep-alive
Sec-Ch-Ua: "Google Chrome";v="111", "Not(A:Brand";v="8", "Chromium";v="111"
Sec-Ch-Ua-Mobile: ?0
Sec-Ch-Ua-Platform: "macOS"
Upgrade-Insecure-Requests: 1
User-Agent: Mozilla/5.0 (Macintosh; Intel Mac OS X 10_15_7) AppleWebKit/537.36 (KHTML, like Gecko) Chrome/111.0.0.0 Safari/537.36
Accept: text/html,application/xhtml+xml,application/xml;q=0.9,image/avif,image/webp,image/apng,*/*;q=0.8,application/signed-exchange;v=b3;q=0.7
Sec-Fetch-Site: none
Sec-Fetch-Mode: navigate
Sec-Fetch-User: ?1
Sec-Fetch-Dest: document
Accept-Encoding: gzip, deflate, br
Accept-Language: en,ja;q=0.9,ru;q=0.8


[ERROR] by custom at 2023/03/20 00:36:54: This message should go to file
[INFO] by trashbot at 2023/03/20 00:36:54: This message should go to both file and console
[DEBUG] by trashbot at 2023/03/20 00:36:54: This message should go to both file and console
[INFO] by custom at 2023/03/20 00:36:54: Headers here 
Host: 127.0.0.1:5000
Connection: keep-alive
Sec-Ch-Ua: "Google Chrome";v="111", "Not(A:Brand";v="8", "Chromium";v="111"
Sec-Ch-Ua-Mobile: ?0
Sec-Ch-Ua-Platform: "macOS"
Upgrade-Insecure-Requests: 1
User-Agent: Mozilla/5.0 (Macintosh; Intel Mac OS X 10_15_7) AppleWebKit/537.36 (KHTML, like Gecko) Chrome/111.0.0.0 Safari/537.36
Accept: text/html,application/xhtml+xml,application/xml;q=0.9,image/avif,image/webp,image/apng,*/*;q=0.8,application/signed-exchange;v=b3;q=0.7
Sec-Fetch-Site: none
Sec-Fetch-Mode: navigate
Sec-Fetch-User: ?1
Sec-Fetch-Dest: document
Accept-Encoding: gzip, deflate, br
Accept-Language: en,ja;q=0.9,ru;q=0.8


